d:\userfiles\desktop\engine\engine\openglengine\openglengine\x64\debug\vc140.pdb
d:\userfiles\desktop\engine\engine\openglengine\openglengine\x64\debug\vc140.idb
d:\userfiles\desktop\engine\engine\openglengine\openglengine\x64\debug\meshnode.obj
d:\userfiles\desktop\engine\engine\openglengine\openglengine\x64\debug\model.obj
d:\userfiles\desktop\engine\engine\openglengine\openglengine\x64\debug\modellibrary.obj
d:\userfiles\desktop\engine\engine\openglengine\openglengine\x64\debug\modelnode.obj
d:\userfiles\desktop\engine\engine\openglengine\openglengine\x64\debug\node.obj
d:\userfiles\desktop\engine\engine\openglengine\openglengine\x64\debug\objectinstance.obj
d:\userfiles\desktop\engine\engine\openglengine\openglengine\x64\debug\primitivecollisions.obj
d:\userfiles\desktop\engine\engine\openglengine\openglengine\x64\debug\renderableobject.obj
d:\userfiles\desktop\engine\engine\openglengine\openglengine\x64\debug\scenegraph.obj
d:\userfiles\desktop\engine\engine\openglengine\openglengine\x64\debug\screen.obj
d:\userfiles\desktop\engine\engine\openglengine\openglengine\x64\debug\shader.obj
d:\userfiles\desktop\engine\engine\openglengine\openglengine\x64\debug\shaderlibrary.obj
d:\userfiles\desktop\engine\engine\openglengine\openglengine\x64\debug\skinnedmesh.obj
d:\userfiles\desktop\engine\engine\openglengine\openglengine\x64\debug\soundmanager.obj
d:\userfiles\desktop\engine\engine\openglengine\openglengine\x64\debug\texture.obj
d:\userfiles\desktop\engine\engine\openglengine\openglengine\x64\debug\texturelibrary.obj
d:\userfiles\desktop\engine\engine\openglengine\openglengine\x64\debug\texturenode.obj
d:\userfiles\desktop\engine\engine\openglengine\openglengine\x64\debug\ubershader.obj
d:\userfiles\desktop\engine\engine\openglengine\openglengine\x64\debug\uniformstack.obj
d:\userfiles\desktop\engine\engine\openglengine\openglengine\x64\debug\utility.obj
d:\userfiles\desktop\engine\engine\openglengine\openglengine\x64\debug\agent.obj
d:\userfiles\desktop\engine\engine\openglengine\openglengine\x64\debug\basicmeshnode.obj
d:\userfiles\desktop\engine\engine\openglengine\openglengine\x64\debug\basictexturenode.obj
d:\userfiles\desktop\engine\engine\openglengine\openglengine\x64\debug\examplescene.obj
d:\userfiles\desktop\engine\engine\openglengine\openglengine\x64\debug\groupnode.obj
d:\userfiles\desktop\engine\engine\openglengine\openglengine\x64\debug\heightmap.obj
d:\userfiles\desktop\engine\engine\openglengine\openglengine\x64\debug\inputmanager.obj
d:\userfiles\desktop\engine\engine\openglengine\openglengine\x64\debug\interface2d.obj
d:\userfiles\desktop\engine\engine\openglengine\openglengine\x64\debug\loader.obj
d:\userfiles\desktop\engine\engine\openglengine\openglengine\x64\debug\main.obj
d:\userfiles\desktop\engine\engine\openglengine\openglengine\x64\debug\mcamera.obj
d:\userfiles\desktop\engine\engine\openglengine\openglengine\x64\debug\meshgenerator.obj
d:\userfiles\desktop\engine\engine\openglengine\openglengine\x64\debug\meshlibrary.obj
d:\userfiles\desktop\engine\engine\openglengine\x64\debug\openglengine.ilk
d:\userfiles\desktop\engine\engine\openglengine\x64\debug\openglengine.exe
d:\userfiles\desktop\engine\engine\openglengine\x64\debug\openglengine.pdb
d:\userfiles\desktop\engine\engine\openglengine\openglengine\x64\debug\skinnedmesh.obj.enc
d:\userfiles\desktop\engine\engine\openglengine\openglengine\x64\debug\openglengine.tlog\cl.command.1.tlog
d:\userfiles\desktop\engine\engine\openglengine\openglengine\x64\debug\openglengine.tlog\cl.read.1.tlog
d:\userfiles\desktop\engine\engine\openglengine\openglengine\x64\debug\openglengine.tlog\cl.write.1.tlog
d:\userfiles\desktop\engine\engine\openglengine\openglengine\x64\debug\openglengine.tlog\link.command.1.tlog
d:\userfiles\desktop\engine\engine\openglengine\openglengine\x64\debug\openglengine.tlog\link.read.1.tlog
d:\userfiles\desktop\engine\engine\openglengine\openglengine\x64\debug\openglengine.tlog\link.write.1.tlog
